C:\USERS\KASHIF ANSARI\MKASHIF ANSARI\PAFKIET\SEMESTER 5 SUMMER\COAL\PROJECT\PROJECT MATRIX\DEBUG\PROJECT MATRIX.EXE
C:\USERS\KASHIF ANSARI\MKASHIF ANSARI\PAFKIET\SEMESTER 5 SUMMER\COAL\PROJECT\PROJECT MATRIX\DEBUG\PROJECT MATRIX.ILK
C:\USERS\KASHIF ANSARI\MKASHIF ANSARI\PAFKIET\SEMESTER 5 SUMMER\COAL\PROJECT\PROJECT MATRIX\DEBUG\PROJECT MATRIX.PDB
C:\Users\KASHIF ANSARI\MKashif Ansari\PAFKIET\Semester 5 Summer\COAL\Project\Project Matrix\Project Matrix\Debug\link.command.1.tlog
C:\Users\KASHIF ANSARI\MKashif Ansari\PAFKIET\Semester 5 Summer\COAL\Project\Project Matrix\Project Matrix\Debug\link.read.1.tlog
C:\Users\KASHIF ANSARI\MKashif Ansari\PAFKIET\Semester 5 Summer\COAL\Project\Project Matrix\Project Matrix\Debug\link.write.1.tlog
C:\Users\KASHIF ANSARI\MKashif Ansari\PAFKIET\Semester 5 Summer\COAL\Project\Project Matrix\Project Matrix\Debug\link-cvtres.read.1.tlog
C:\Users\KASHIF ANSARI\MKashif Ansari\PAFKIET\Semester 5 Summer\COAL\Project\Project Matrix\Project Matrix\Debug\link-cvtres.write.1.tlog
C:\Users\KASHIF ANSARI\MKashif Ansari\PAFKIET\Semester 5 Summer\COAL\Project\Project Matrix\Project Matrix\Debug\mt.command.1.tlog
C:\Users\KASHIF ANSARI\MKashif Ansari\PAFKIET\Semester 5 Summer\COAL\Project\Project Matrix\Project Matrix\Debug\mt.read.1.tlog
C:\Users\KASHIF ANSARI\MKashif Ansari\PAFKIET\Semester 5 Summer\COAL\Project\Project Matrix\Project Matrix\Debug\mt.write.1.tlog
C:\USERS\KASHIF ANSARI\MKASHIF ANSARI\PAFKIET\SEMESTER 5 SUMMER\COAL\PROJECT\PROJECT MATRIX\PROJECT MATRIX\DEBUG\PROJECT MATRIX.EXE.EMBED.MANIFEST
C:\USERS\KASHIF ANSARI\MKASHIF ANSARI\PAFKIET\SEMESTER 5 SUMMER\COAL\PROJECT\PROJECT MATRIX\PROJECT MATRIX\DEBUG\PROJECT MATRIX.EXE.EMBED.MANIFEST.RES
C:\USERS\KASHIF ANSARI\MKASHIF ANSARI\PAFKIET\SEMESTER 5 SUMMER\COAL\PROJECT\PROJECT MATRIX\PROJECT MATRIX\DEBUG\PROJECT MATRIX.EXE.INTERMEDIATE.MANIFEST
C:\Users\KASHIF ANSARI\MKashif Ansari\PAFKIET\Semester 5 Summer\COAL\Project\Project Matrix\Project Matrix\Debug\Project Matrix.vcxprojResolveAssemblyReference.cache
C:\Users\KASHIF ANSARI\MKashif Ansari\PAFKIET\Semester 5 Summer\COAL\Project\Project Matrix\Project Matrix\Debug\Project Matrix.write.1.tlog
C:\Users\KASHIF ANSARI\MKashif Ansari\PAFKIET\Semester 5 Summer\COAL\Project\Project Matrix\Project Matrix\Debug\Project Matrix_manifest.rc
C:\Users\KASHIF ANSARI\MKashif Ansari\PAFKIET\Semester 5 Summer\COAL\Project\Project Matrix\Project Matrix\Debug\Project.obj
C:\Users\KASHIF ANSARI\MKashif Ansari\PAFKIET\Semester 5 Summer\COAL\Project\Project Matrix\Project Matrix\Debug\rc.command.1.tlog
C:\Users\KASHIF ANSARI\MKashif Ansari\PAFKIET\Semester 5 Summer\COAL\Project\Project Matrix\Project Matrix\Debug\rc.read.1.tlog
C:\Users\KASHIF ANSARI\MKashif Ansari\PAFKIET\Semester 5 Summer\COAL\Project\Project Matrix\Project Matrix\Debug\rc.write.1.tlog
